<?xml version="1.0" encoding="UTF-8"?>
<testsuite xmlns:xsi="http://www.w3.org/2001/XMLSchema-instance" xsi:noNamespaceSchemaLocation="https://maven.apache.org/surefire/maven-surefire-plugin/xsd/surefire-test-report-3.0.xsd" version="3.0" name="UserCreateTest" time="6.432" tests="5" errors="0" skipped="0" failures="0">
  <properties>
[...]
</properties>
  <testcase name="userCreateIsEmptyName" classname="UserCreateTest" time="1.264"/>
  <testcase name="userCreateByValidCredentials" classname="UserCreateTest" time="1.841"/>
  <testcase name="userCreateIsEmptyEmail" classname="UserCreateTest" time="0.558"/>
  <testcase name="userCreateIsEmptyPassword" classname="UserCreateTest" time="0.561"/>
  <testcase name="repeatedRequestByCreateUser" classname="UserCreateTest" time="2.116"/>
</testsuite>